# JRE version: OpenJDK Runtime Environment (11.0.21+9) (build 11.0.21+9-post-Ubuntu-0ubuntu122.04)
# Java VM: OpenJDK 64-Bit Server VM (11.0.21+9-post-Ubuntu-0ubuntu122.04, mixed mode, sharing, tiered, compressed oops, g1 gc, linux-amd64)
Heap:
 garbage-first heap   total 155648K, used 54762K [0x00000000c0000000, 0x0000000100000000)
  region size 1024K, 10 young (10240K), 8 survivors (8192K)
 Metaspace       used 11904K, capacity 12440K, committed 12672K, reserved 1060864K
  class space    used 1356K, capacity 1598K, committed 1664K, reserved 1048576K
GC Heap History (20 events):
Event: 6.210 GC heap before
{Heap before GC invocations=13 (full 0):
 garbage-first heap   total 129024K, used 100156K [0x00000000c0000000, 0x0000000100000000)
  region size 1024K, 74 young (75776K), 6 survivors (6144K)
 Metaspace       used 11881K, capacity 12440K, committed 12672K, reserved 1060864K
  class space    used 1353K, capacity 1598K, committed 1664K, reserved 1048576K
}
Event: 6.216 GC heap after
{Heap after GC invocations=14 (full 0):
 garbage-first heap   total 129024K, used 32986K [0x00000000c0000000, 0x0000000100000000)
  region size 1024K, 7 young (7168K), 7 survivors (7168K)
 Metaspace       used 11881K, capacity 12440K, committed 12672K, reserved 1060864K
  class space    used 1353K, capacity 1598K, committed 1664K, reserved 1048576K
}
Event: 6.545 GC heap before
{Heap before GC invocations=14 (full 0):
 garbage-first heap   total 129024K, used 101594K [0x00000000c0000000, 0x0000000100000000)
  region size 1024K, 74 young (75776K), 7 survivors (7168K)
 Metaspace       used 11882K, capacity 12440K, committed 12672K, reserved 1060864K
  class space    used 1353K, capacity 1598K, committed 1664K, reserved 1048576K
}
Event: 6.551 GC heap after
{Heap after GC invocations=15 (full 0):
 garbage-first heap   total 129024K, used 35532K [0x00000000c0000000, 0x0000000100000000)
  region size 1024K, 8 young (8192K), 8 survivors (8192K)
 Metaspace       used 11882K, capacity 12440K, committed 12672K, reserved 1060864K
  class space    used 1353K, capacity 1598K, committed 1664K, reserved 1048576K
}
Event: 6.823 GC heap before
{Heap before GC invocations=15 (full 0):
 garbage-first heap   total 129024K, used 102092K [0x00000000c0000000, 0x0000000100000000)
  region size 1024K, 74 young (75776K), 8 survivors (8192K)
 Metaspace       used 11882K, capacity 12440K, committed 12672K, reserved 1060864K
  class space    used 1353K, capacity 1598K, committed 1664K, reserved 1048576K
}
Event: 6.829 GC heap after
{Heap after GC invocations=16 (full 0):
 garbage-first heap   total 129024K, used 37060K [0x00000000c0000000, 0x0000000100000000)
  region size 1024K, 7 young (7168K), 7 survivors (7168K)
 Metaspace       used 11882K, capacity 12440K, committed 12672K, reserved 1060864K
  class space    used 1353K, capacity 1598K, committed 1664K, reserved 1048576K
}
Event: 7.317 GC heap before
{Heap before GC invocations=16 (full 0):
 garbage-first heap   total 129024K, used 105668K [0x00000000c0000000, 0x0000000100000000)
  region size 1024K, 74 young (75776K), 7 survivors (7168K)
 Metaspace       used 11883K, capacity 12440K, committed 12672K, reserved 1060864K
  class space    used 1353K, capacity 1598K, committed 1664K, reserved 1048576K
}
Event: 7.323 GC heap after
{Heap after GC invocations=17 (full 0):
 garbage-first heap   total 129024K, used 39521K [0x00000000c0000000, 0x0000000100000000)
  region size 1024K, 7 young (7168K), 7 survivors (7168K)
 Metaspace       used 11883K, capacity 12440K, committed 12672K, reserved 1060864K
  class space    used 1353K, capacity 1598K, committed 1664K, reserved 1048576K
}
Event: 7.601 GC heap before
{Heap before GC invocations=17 (full 0):
 garbage-first heap   total 129024K, used 106081K [0x00000000c0000000, 0x0000000100000000)
  region size 1024K, 72 young (73728K), 7 survivors (7168K)
 Metaspace       used 11883K, capacity 12440K, committed 12672K, reserved 1060864K
  class space    used 1353K, capacity 1598K, committed 1664K, reserved 1048576K
}
Event: 7.608 GC heap after
{Heap after GC invocations=18 (full 0):
 garbage-first heap   total 155648K, used 41440K [0x00000000c0000000, 0x0000000100000000)
  region size 1024K, 7 young (7168K), 7 survivors (7168K)
 Metaspace       used 11883K, capacity 12440K, committed 12672K, reserved 1060864K
  class space    used 1353K, capacity 1598K, committed 1664K, reserved 1048576K
}
Event: 8.069 GC heap before
{Heap before GC invocations=18 (full 0):
 garbage-first heap   total 155648K, used 124384K [0x00000000c0000000, 0x0000000100000000)
  region size 1024K, 88 young (90112K), 7 survivors (7168K)
 Metaspace       used 11885K, capacity 12440K, committed 12672K, reserved 1060864K
  class space    used 1353K, capacity 1598K, committed 1664K, reserved 1048576K
}
Event: 8.076 GC heap after
{Heap after GC invocations=19 (full 0):
 garbage-first heap   total 155648K, used 43984K [0x00000000c0000000, 0x0000000100000000)
  region size 1024K, 7 young (7168K), 7 survivors (7168K)
 Metaspace       used 11885K, capacity 12440K, committed 12672K, reserved 1060864K
  class space    used 1353K, capacity 1598K, committed 1664K, reserved 1048576K
}
Event: 8.401 GC heap before
{Heap before GC invocations=19 (full 0):
 garbage-first heap   total 155648K, used 128976K [0x00000000c0000000, 0x0000000100000000)
  region size 1024K, 90 young (92160K), 7 survivors (7168K)
 Metaspace       used 11886K, capacity 12440K, committed 12672K, reserved 1060864K
  class space    used 1353K, capacity 1598K, committed 1664K, reserved 1048576K
}
Event: 8.408 GC heap after
{Heap after GC invocations=20 (full 0):
 garbage-first heap   total 155648K, used 46329K [0x00000000c0000000, 0x0000000100000000)
  region size 1024K, 7 young (7168K), 7 survivors (7168K)
 Metaspace       used 11886K, capacity 12440K, committed 12672K, reserved 1060864K
  class space    used 1353K, capacity 1598K, committed 1664K, reserved 1048576K
}
Event: 8.719 GC heap before
{Heap before GC invocations=20 (full 0):
 garbage-first heap   total 155648K, used 129273K [0x00000000c0000000, 0x0000000100000000)
  region size 1024K, 88 young (90112K), 7 survivors (7168K)
 Metaspace       used 11886K, capacity 12440K, committed 12672K, reserved 1060864K
  class space    used 1353K, capacity 1598K, committed 1664K, reserved 1048576K
}
Event: 8.726 GC heap after
{Heap after GC invocations=21 (full 0):
 garbage-first heap   total 155648K, used 49218K [0x00000000c0000000, 0x0000000100000000)
  region size 1024K, 8 young (8192K), 8 survivors (8192K)
 Metaspace       used 11886K, capacity 12440K, committed 12672K, reserved 1060864K
  class space    used 1353K, capacity 1598K, committed 1664K, reserved 1048576K
}
Event: 9.241 GC heap before
{Heap before GC invocations=21 (full 0):
 garbage-first heap   total 155648K, used 129090K [0x00000000c0000000, 0x0000000100000000)
  region size 1024K, 86 young (88064K), 8 survivors (8192K)
 Metaspace       used 11890K, capacity 12440K, committed 12672K, reserved 1060864K
  class space    used 1353K, capacity 1598K, committed 1664K, reserved 1048576K
}
Event: 9.248 GC heap after
{Heap after GC invocations=22 (full 0):
 garbage-first heap   total 155648K, used 51334K [0x00000000c0000000, 0x0000000100000000)
  region size 1024K, 8 young (8192K), 8 survivors (8192K)
 Metaspace       used 11890K, capacity 12440K, committed 12672K, reserved 1060864K
  class space    used 1353K, capacity 1598K, committed 1664K, reserved 1048576K
}
Event: 9.548 GC heap before
{Heap before GC invocations=22 (full 0):
 garbage-first heap   total 155648K, used 128134K [0x00000000c0000000, 0x0000000100000000)
  region size 1024K, 83 young (84992K), 8 survivors (8192K)
 Metaspace       used 11891K, capacity 12440K, committed 12672K, reserved 1060864K
  class space    used 1353K, capacity 1598K, committed 1664K, reserved 1048576K
}
Event: 9.554 GC heap after
{Heap after GC invocations=23 (full 0):
 garbage-first heap   total 155648K, used 53738K [0x00000000c0000000, 0x0000000100000000)
  region size 1024K, 8 young (8192K), 8 survivors (8192K)
 Metaspace       used 11891K, capacity 12440K, committed 12672K, reserved 1060864K
  class space    used 1353K, capacity 1598K, committed 1664K, reserved 1048576K
}

